#
# There is insufficient memory for the Java Runtime Environment to continue.
# Native memory allocation (malloc) failed to allocate 938576 bytes for Chunk::new
# Possible reasons:
#   The system is out of physical RAM or swap space
#   The process is running with CompressedOops enabled, and the Java Heap may be blocking the growth of the native heap
# Possible solutions:
#   Reduce memory load on the system
#   Increase physical memory or swap space
#   Check if swap backing store is full
#   Decrease Java heap size (-Xmx/-Xms)
#   Decrease number of Java threads
#   Decrease Java thread stack sizes (-Xss)
#   Set larger code cache with -XX:ReservedCodeCacheSize=
#   JVM is running with Unscaled Compressed Oops mode in which the Java heap is
#     placed in the first 4GB address space. The Java Heap base address is the
#     maximum limit for the native heap growth. Please use -XX:HeapBaseMinAddress
#     to set the Java Heap base and to place the Java Heap above 4GB virtual address.
# This output file may be truncated or incomplete.
#
#  Out of Memory Error (allocation.cpp:389), pid=2240, tid=0x0000000000005280
#
# JRE version: OpenJDK Runtime Environment (8.0_242-b01) (build 1.8.0_242-release-1644-b01)
# Java VM: OpenJDK 64-Bit Server VM (25.242-b01 mixed mode windows-amd64 compressed oops)
# Failed to write core dump. Minidumps are not enabled by default on client versions of Windows
#

---------------  T H R E A D  ---------------

Current thread (0x0000000019899000):  JavaThread "C2 CompilerThread2" daemon [_thread_in_native, id=21120, stack(0x000000001a370000,0x000000001a470000)]

Stack: [0x000000001a370000,0x000000001a470000]
[error occurred during error reporting (printing stack bounds), id 0xc0000005]

Native frames: (J=compiled Java code, j=interpreted, Vv=VM code, C=native code)


Current CompileTask:
C2:  22445 14307 %     4       com.android.tools.r8.ir.conversion.N::a @ 1983 (3075 bytes)


---------------  P R O C E S S  ---------------

Java Threads: ( => current thread )
  0x00000000232af800 JavaThread "WorkerExecutor Queue Thread 9" [_thread_blocked, id=22972, stack(0x0000000032120000,0x0000000032220000)]
  0x0000000021cc0000 JavaThread "WorkerExecutor Queue Thread 8" [_thread_blocked, id=25188, stack(0x0000000032020000,0x0000000032120000)]
  0x0000000021cc1800 JavaThread "WorkerExecutor Queue Thread 7" [_thread_blocked, id=17648, stack(0x0000000031f20000,0x0000000032020000)]
  0x0000000021cbe800 JavaThread "WorkerExecutor Queue Thread 6" [_thread_blocked, id=20464, stack(0x0000000031e20000,0x0000000031f20000)]
  0x0000000021cbf000 JavaThread "WorkerExecutor Queue Thread 5" [_thread_blocked, id=3832, stack(0x0000000031d20000,0x0000000031e20000)]
  0x0000000021cbd800 JavaThread "WorkerExecutor Queue Thread 4" [_thread_blocked, id=7924, stack(0x0000000032450000,0x0000000032550000)]
  0x0000000021cbb800 JavaThread "WorkerExecutor Queue Thread 3" [_thread_blocked, id=24372, stack(0x0000000032350000,0x0000000032450000)]
  0x0000000021cbd000 JavaThread "WorkerExecutor Queue Thread 2" [_thread_blocked, id=2732, stack(0x0000000032250000,0x0000000032350000)]
  0x0000000021cb3800 JavaThread "WorkerExecutor Queue" [_thread_blocked, id=17676, stack(0x0000000030bc0000,0x0000000030cc0000)]
  0x0000000021cb6800 JavaThread "Cache worker for execution history cache (C:\Users\Zhasaral\AndroidStudioProjects\Progress\.gradle\6.1.1\executionHistory)" [_thread_blocked, id=15272, stack(0x0000000027b70000,0x0000000027c70000)]
  0x0000000021cb4800 JavaThread "Execution worker for ':' Thread 7" [_thread_in_Java, id=15528, stack(0x0000000027870000,0x0000000027970000)]
  0x0000000021cb6000 JavaThread "Execution worker for ':' Thread 6" [_thread_blocked, id=16828, stack(0x0000000027770000,0x0000000027870000)]
  0x0000000021cb5000 JavaThread "Execution worker for ':' Thread 5" [_thread_blocked, id=23980, stack(0x0000000027670000,0x0000000027770000)]
  0x000000001ef9e000 JavaThread "Execution worker for ':' Thread 4" [_thread_blocked, id=13512, stack(0x0000000027570000,0x0000000027670000)]
  0x000000001ef9e800 JavaThread "Execution worker for ':' Thread 3" [_thread_in_Java, id=21732, stack(0x0000000027470000,0x0000000027570000)]
  0x000000001ef9d000 JavaThread "Execution worker for ':' Thread 2" [_thread_blocked, id=10680, stack(0x0000000027370000,0x0000000027470000)]
  0x000000001ef9c800 JavaThread "Execution worker for ':'" [_thread_in_Java, id=24464, stack(0x0000000026040000,0x0000000026140000)]
  0x000000001ef94000 JavaThread "Cache worker for file content cache (C:\Users\Zhasaral\AndroidStudioProjects\Progress\.gradle\6.1.1\fileContent)" [_thread_blocked, id=15084, stack(0x0000000025c40000,0x0000000025d40000)]
  0x000000001ef99800 JavaThread "Cache worker for file content cache (C:\Users\Zhasaral\.gradle\caches\6.1.1\fileContent)" [_thread_blocked, id=18648, stack(0x0000000025b40000,0x0000000025c40000)]
  0x000000001ef98000 JavaThread "Memory manager" [_thread_blocked, id=20728, stack(0x0000000025010000,0x0000000025110000)]
  0x000000001ef97000 JavaThread "Cache worker for Build Output Cleanup Cache (C:\Users\Zhasaral\AndroidStudioProjects\Progress\.gradle\buildOutputCleanup)" [_thread_blocked, id=11328, stack(0x0000000024d10000,0x0000000024e10000)]
  0x000000001ef9a000 JavaThread "Build operations Thread 8" [_thread_blocked, id=19596, stack(0x0000000024610000,0x0000000024710000)]
  0x000000001ef98800 JavaThread "Build operations Thread 7" [_thread_blocked, id=14752, stack(0x0000000024510000,0x0000000024610000)]
  0x000000001ef8f800 JavaThread "Build operations Thread 6" [_thread_blocked, id=23840, stack(0x0000000024410000,0x0000000024510000)]
  0x000000001ef93800 JavaThread "Build operations Thread 5" [_thread_blocked, id=7580, stack(0x0000000024310000,0x0000000024410000)]
  0x000000001ef95800 JavaThread "Build operations Thread 4" [_thread_blocked, id=19424, stack(0x0000000024210000,0x0000000024310000)]
  0x000000001ef95000 JavaThread "Build operations Thread 3" [_thread_blocked, id=9304, stack(0x0000000023e90000,0x0000000023f90000)]
  0x000000001ef92000 JavaThread "Build operations Thread 2" [_thread_blocked, id=23384, stack(0x0000000023d90000,0x0000000023e90000)]
  0x000000001ef92800 JavaThread "Build operations" [_thread_blocked, id=2612, stack(0x0000000021ff0000,0x00000000220f0000)]
  0x000000001c5b7800 JavaThread "Cache worker for execution history cache (C:\Users\Zhasaral\.gradle\caches\6.1.1\executionHistory)" [_thread_blocked, id=3528, stack(0x0000000020b70000,0x0000000020c70000)]
  0x000000001c5b3000 JavaThread "Cache worker for cache directory md-rule (C:\Users\Zhasaral\.gradle\caches\6.1.1\md-rule)" [_thread_blocked, id=24396, stack(0x0000000020a70000,0x0000000020b70000)]
  0x000000001c5b7000 JavaThread "Cache worker for cache directory md-supplier (C:\Users\Zhasaral\.gradle\caches\6.1.1\md-supplier)" [_thread_blocked, id=21364, stack(0x0000000020970000,0x0000000020a70000)]
  0x000000001c5b2800 JavaThread "Cache worker for file hash cache (C:\Users\Zhasaral\AndroidStudioProjects\Progress\.gradle\6.1.1\fileHashes)" [_thread_blocked, id=21820, stack(0x0000000020d20000,0x0000000020e20000)]
  0x000000001c5b6000 JavaThread "Cache worker for checksums cache (C:\Users\Zhasaral\AndroidStudioProjects\Progress\.gradle\checksums)" [_thread_blocked, id=13204, stack(0x0000000020870000,0x0000000020970000)]
  0x000000001c5b9000 JavaThread "Cache worker for file hash cache (C:\Users\Zhasaral\.gradle\caches\6.1.1\fileHashes)" [_thread_blocked, id=4184, stack(0x000000001e5d0000,0x000000001e6d0000)]
  0x000000001c5b5800 JavaThread "File lock request listener" [_thread_in_native, id=11232, stack(0x000000001e4d0000,0x000000001e5d0000)]
  0x000000001c792800 JavaThread "Cache worker for journal cache (C:\Users\Zhasaral\.gradle\caches\journal-1)" [_thread_blocked, id=23228, stack(0x000000001e3d0000,0x000000001e4d0000)]
  0x000000001b65a000 JavaThread "Thread-9" [_thread_blocked, id=17344, stack(0x000000001e0d0000,0x000000001e1d0000)]
  0x000000001b5fc000 JavaThread "Stdin handler" [_thread_blocked, id=12172, stack(0x000000001dfd0000,0x000000001e0d0000)]
  0x000000001c628000 JavaThread "Asynchronous log dispatcher for DefaultDaemonConnection: socket connection from /127.0.0.1:57438 to /127.0.0.1:57439" [_thread_blocked, id=7484, stack(0x000000001ded0000,0x000000001dfd0000)]
  0x000000001c62b000 JavaThread "Daemon worker" [_thread_blocked, id=7448, stack(0x000000001ddd0000,0x000000001ded0000)]
  0x000000001c62a800 JavaThread "Cancel handler" [_thread_blocked, id=11696, stack(0x000000001dcd0000,0x000000001ddd0000)]
  0x000000001af6d000 JavaThread "Handler for socket connection from /127.0.0.1:57438 to /127.0.0.1:57439" [_thread_in_native, id=7372, stack(0x000000001d9d0000,0x000000001dad0000)]
  0x000000001af6a000 JavaThread "Daemon" [_thread_blocked, id=13716, stack(0x000000001d8d0000,0x000000001d9d0000)]
  0x000000001c502000 JavaThread "Daemon periodic checks" [_thread_blocked, id=23632, stack(0x000000001d7d0000,0x000000001d8d0000)]
  0x000000001c500800 JavaThread "Incoming local TCP Connector on port 57438" [_thread_in_native, id=7136, stack(0x000000001d580000,0x000000001d680000)]
  0x000000001a856800 JavaThread "Daemon health stats" [_thread_blocked, id=22412, stack(0x000000001bf40000,0x000000001c040000)]
  0x0000000019928800 JavaThread "Service Thread" daemon [_thread_blocked, id=8572, stack(0x000000001a570000,0x000000001a670000)]
  0x000000001989d000 JavaThread "C1 CompilerThread3" daemon [_thread_blocked, id=11452, stack(0x000000001a470000,0x000000001a570000)]
=>0x0000000019899000 JavaThread "C2 CompilerThread2" daemon [_thread_in_native, id=21120, stack(0x000000001a370000,0x000000001a470000)]
  0x0000000017a8d800 JavaThread "C2 CompilerThread1" daemon [_thread_in_native, id=12904, stack(0x000000001a270000,0x000000001a370000)]
  0x0000000019896000 JavaThread "C2 CompilerThread0" daemon [_thread_in_native, id=18372, stack(0x000000001a170000,0x000000001a270000)]
  0x0000000019895000 JavaThread "Attach Listener" daemon [_thread_blocked, id=6812, stack(0x000000001a070000,0x000000001a170000)]
  0x0000000017a89000 JavaThread "Signal Dispatcher" daemon [_thread_blocked, id=19144, stack(0x0000000019f70000,0x000000001a070000)]
  0x0000000019880800 JavaThread "Finalizer" daemon [_thread_blocked, id=24432, stack(0x0000000019d60000,0x0000000019e60000)]
  0x0000000017a7b800 JavaThread "Reference Handler" daemon [_thread_blocked, id=4068, stack(0x0000000019c60000,0x0000000019d60000)]
  0x0000000000ece000 JavaThread "main" [_thread_blocked, id=3792, stack(0x0000000002780000,0x0000000002880000)]

Other Threads:
  0x0000000017a76000 VMThread [stack: 0x0000000019760000,0x0000000019860000] [id=2148]
  0x0000000019929800 WatcherThread [stack: 0x000000001a670000,0x000000001a770000] [id=14184]

VM state:not at safepoint (normal execution)

VM Mutex/Monitor currently owned by a thread: None

heap address: 0x0000000080000000, size: 2048 MB, Compressed Oops mode: 32-bit
Narrow klass base: 0x0000000000000000, Narrow klass shift: 3
Compressed class space size: 1073741824 Address: 0x0000000100000000

Heap:
 PSYoungGen      total 445440K, used 162813K [0x00000000d5580000, 0x00000000f5b00000, 0x0000000100000000)
  eden space 403456K, 32% used [0x00000000d5580000,0x00000000dd5ee368,0x00000000edf80000)
  from space 41984K, 74% used [0x00000000f0d80000,0x00000000f2c11300,0x00000000f3680000)
  to   space 47104K, 0% used [0x00000000edf80000,0x00000000edf80000,0x00000000f0d80000)
 ParOldGen       total 255488K, used 125212K [0x0000000080000000, 0x000000008f980000, 0x00000000d5580000)
  object space 255488K, 49% used [0x0000000080000000,0x0000000087a470a0,0x000000008f980000)
 Metaspace       used 80656K, capacity 84488K, committed 85656K, reserved 1122304K
  class space    used 10890K, capacity 11620K, committed 11952K, reserved 1048576K

Card table byte_map: [0x0000000011dd0000,0x00000000121e0000] byte_map_base: 0x00000000119d0000

Marking Bits: (ParMarkBitMap*) 0x000000005af3f030
 Begin Bits: [0x0000000012c90000, 0x0000000014c90000)
 End Bits:   [0x0000000014c90000, 0x0000000016c90000)

Polling page: 0x0000000000eb0000

CodeCache: size=245760Kb used=39145Kb max_used=40644Kb free=206614Kb
 bounds [0x0000000002a10000, 0x00000000051f0000, 0x0000000011a10000]
 total_blobs=13030 nmethods=12191 adapters=749
 compilation: enabled

Compilation events (10 events):
Event: 22.304 Thread 0x000000001989d000 14595       2       com.android.tools.r8.u.b.a::e (10 bytes)
Event: 22.304 Thread 0x000000001989d000 nmethod 14595 0x0000000004043290 code [0x0000000004043400, 0x00000000040435c8]
Event: 22.306 Thread 0x000000001989d000 14596       2       com.android.tools.r8.code.i::<init> (7 bytes)
Event: 22.306 Thread 0x000000001989d000 nmethod 14596 0x0000000002d38390 code [0x0000000002d38500, 0x0000000002d38668]
Event: 22.316 Thread 0x000000001989d000 14597       2       com.android.tools.r8.u.b.l0::a (42 bytes)
Event: 22.316 Thread 0x000000001989d000 nmethod 14597 0x0000000003cf4dd0 code [0x0000000003cf4f40, 0x0000000003cf5228]
Event: 22.379 Thread 0x000000001989d000 14598       1       com.android.tools.r8.v.a.a.a.h.i0::iterator (4 bytes)
Event: 22.379 Thread 0x000000001989d000 nmethod 14598 0x0000000003fa2250 code [0x0000000003fa23a0, 0x0000000003fa24b0]
Event: 22.389 Thread 0x000000001989d000 14600 %     3       com.android.tools.r8.u.b.W::y @ 93 (210 bytes)
Event: 22.394 Thread 0x000000001989d000 nmethod 14600% 0x0000000004944ed0 code [0x0000000004945460, 0x0000000004948dc8]

GC Heap History (10 events):
Event: 19.368 GC heap before
{Heap before GC invocations=27 (full 5):
 PSYoungGen      total 390144K, used 359925K [0x00000000d5580000, 0x00000000f1680000, 0x0000000100000000)
  eden space 343552K, 100% used [0x00000000d5580000,0x00000000ea500000,0x00000000ea500000)
  from space 46592K, 35% used [0x00000000ea500000,0x00000000eb4fd5a8,0x00000000ed280000)
  to   space 43520K, 0% used [0x00000000eec00000,0x00000000eec00000,0x00000000f1680000)
 ParOldGen       total 255488K, used 125014K [0x0000000080000000, 0x000000008f980000, 0x00000000d5580000)
  object space 255488K, 48% used [0x0000000080000000,0x0000000087a15a80,0x000000008f980000)
 Metaspace       used 78941K, capacity 82580K, committed 84248K, reserved 1122304K
  class space    used 10691K, capacity 11390K, committed 11824K, reserved 1048576K
Event: 19.396 GC heap after
Heap after GC invocations=27 (full 5):
 PSYoungGen      total 417280K, used 19275K [0x00000000d5580000, 0x00000000f1600000, 0x0000000100000000)
  eden space 374272K, 0% used [0x00000000d5580000,0x00000000d5580000,0x00000000ec300000)
  from space 43008K, 44% used [0x00000000eec00000,0x00000000efed2c90,0x00000000f1600000)
  to   space 41984K, 0% used [0x00000000ec300000,0x00000000ec300000,0x00000000eec00000)
 ParOldGen       total 255488K, used 125022K [0x0000000080000000, 0x000000008f980000, 0x00000000d5580000)
  object space 255488K, 48% used [0x0000000080000000,0x0000000087a17a80,0x000000008f980000)
 Metaspace       used 78941K, capacity 82580K, committed 84248K, reserved 1122304K
  class space    used 10691K, capacity 11390K, committed 11824K, reserved 1048576K
}
Event: 19.993 GC heap before
{Heap before GC invocations=28 (full 5):
 PSYoungGen      total 417280K, used 393547K [0x00000000d5580000, 0x00000000f1600000, 0x0000000100000000)
  eden space 374272K, 100% used [0x00000000d5580000,0x00000000ec300000,0x00000000ec300000)
  from space 43008K, 44% used [0x00000000eec00000,0x00000000efed2c90,0x00000000f1600000)
  to   space 41984K, 0% used [0x00000000ec300000,0x00000000ec300000,0x00000000eec00000)
 ParOldGen       total 255488K, used 125022K [0x0000000080000000, 0x000000008f980000, 0x00000000d5580000)
  object space 255488K, 48% used [0x0000000080000000,0x0000000087a17a80,0x000000008f980000)
 Metaspace       used 79179K, capacity 82886K, committed 84504K, reserved 1122304K
  class space    used 10718K, capacity 11459K, committed 11824K, reserved 1048576K
Event: 20.018 GC heap after
Heap after GC invocations=28 (full 5):
 PSYoungGen      total 416256K, used 23447K [0x00000000d5580000, 0x00000000f3680000, 0x0000000100000000)
  eden space 374272K, 0% used [0x00000000d5580000,0x00000000d5580000,0x00000000ec300000)
  from space 41984K, 55% used [0x00000000ec300000,0x00000000ed9e5d30,0x00000000eec00000)
  to   space 41984K, 0% used [0x00000000f0d80000,0x00000000f0d80000,0x00000000f3680000)
 ParOldGen       total 255488K, used 125030K [0x0000000080000000, 0x000000008f980000, 0x00000000d5580000)
  object space 255488K, 48% used [0x0000000080000000,0x0000000087a19a80,0x000000008f980000)
 Metaspace       used 79179K, capacity 82886K, committed 84504K, reserved 1122304K
  class space    used 10718K, capacity 11459K, committed 11824K, reserved 1048576K
}
Event: 20.611 GC heap before
{Heap before GC invocations=29 (full 5):
 PSYoungGen      total 416256K, used 397719K [0x00000000d5580000, 0x00000000f3680000, 0x0000000100000000)
  eden space 374272K, 100% used [0x00000000d5580000,0x00000000ec300000,0x00000000ec300000)
  from space 41984K, 55% used [0x00000000ec300000,0x00000000ed9e5d30,0x00000000eec00000)
  to   space 41984K, 0% used [0x00000000f0d80000,0x00000000f0d80000,0x00000000f3680000)
 ParOldGen       total 255488K, used 125030K [0x0000000080000000, 0x000000008f980000, 0x00000000d5580000)
  object space 255488K, 48% used [0x0000000080000000,0x0000000087a19a80,0x000000008f980000)
 Metaspace       used 79846K, capacity 83584K, committed 85016K, reserved 1122304K
  class space    used 10795K, capacity 11492K, committed 11824K, reserved 1048576K
Event: 20.647 GC heap after
Heap after GC invocations=29 (full 5):
 PSYoungGen      total 448512K, used 28694K [0x00000000d5580000, 0x00000000f3d00000, 0x0000000100000000)
  eden space 406528K, 0% used [0x00000000d5580000,0x00000000d5580000,0x00000000ee280000)
  from space 41984K, 68% used [0x00000000f0d80000,0x00000000f2985bb8,0x00000000f3680000)
  to   space 44032K, 0% used [0x00000000ee280000,0x00000000ee280000,0x00000000f0d80000)
 ParOldGen       total 255488K, used 125038K [0x0000000080000000, 0x000000008f980000, 0x00000000d5580000)
  object space 255488K, 48% used [0x0000000080000000,0x0000000087a1ba80,0x000000008f980000)
 Metaspace       used 79846K, capacity 83584K, committed 85016K, reserved 1122304K
  class space    used 10795K, capacity 11492K, committed 11824K, reserved 1048576K
}
Event: 21.364 GC heap before
{Heap before GC invocations=30 (full 5):
 PSYoungGen      total 448512K, used 435222K [0x00000000d5580000, 0x00000000f3d00000, 0x0000000100000000)
  eden space 406528K, 100% used [0x00000000d5580000,0x00000000ee280000,0x00000000ee280000)
  from space 41984K, 68% used [0x00000000f0d80000,0x00000000f2985bb8,0x00000000f3680000)
  to   space 44032K, 0% used [0x00000000ee280000,0x00000000ee280000,0x00000000f0d80000)
 ParOldGen       total 255488K, used 125202K [0x0000000080000000, 0x000000008f980000, 0x00000000d5580000)
  object space 255488K, 49% used [0x0000000080000000,0x0000000087a449a8,0x000000008f980000)
 Metaspace       used 79961K, capacity 83712K, committed 85016K, reserved 1122304K
  class space    used 10797K, capacity 11492K, committed 11824K, reserved 1048576K
Event: 21.401 GC heap after
Heap after GC invocations=30 (full 5):
 PSYoungGen      total 450560K, used 29661K [0x00000000d5580000, 0x00000000f3d00000, 0x0000000100000000)
  eden space 406528K, 0% used [0x00000000d5580000,0x00000000d5580000,0x00000000ee280000)
  from space 44032K, 67% used [0x00000000ee280000,0x00000000eff77718,0x00000000f0d80000)
  to   space 41984K, 0% used [0x00000000f0d80000,0x00000000f0d80000,0x00000000f3680000)
 ParOldGen       total 255488K, used 125202K [0x0000000080000000, 0x000000008f980000, 0x00000000d5580000)
  object space 255488K, 49% used [0x0000000080000000,0x0000000087a449a8,0x000000008f980000)
 Metaspace       used 79961K, capacity 83712K, committed 85016K, reserved 1122304K
  class space    used 10797K, capacity 11492K, committed 11824K, reserved 1048576K
}
Event: 22.230 GC heap before
{Heap before GC invocations=31 (full 5):
 PSYoungGen      total 450560K, used 436189K [0x00000000d5580000, 0x00000000f3d00000, 0x0000000100000000)
  eden space 406528K, 100% used [0x00000000d5580000,0x00000000ee280000,0x00000000ee280000)
  from space 44032K, 67% used [0x00000000ee280000,0x00000000eff77718,0x00000000f0d80000)
  to   space 41984K, 0% used [0x00000000f0d80000,0x00000000f0d80000,0x00000000f3680000)
 ParOldGen       total 255488K, used 125204K [0x0000000080000000, 0x000000008f980000, 0x00000000d5580000)
  object space 255488K, 49% used [0x0000000080000000,0x0000000087a450a0,0x000000008f980000)
 Metaspace       used 80654K, capacity 84488K, committed 85656K, reserved 1122304K
  class space    used 10890K, capacity 11620K, committed 11952K, reserved 1048576K
Event: 22.260 GC heap after
Heap after GC invocations=31 (full 5):
 PSYoungGen      total 445440K, used 31300K [0x00000000d5580000, 0x00000000f5b00000, 0x0000000100000000)
  eden space 403456K, 0% used [0x00000000d5580000,0x00000000d5580000,0x00000000edf80000)
  from space 41984K, 74% used [0x00000000f0d80000,0x00000000f2c11300,0x00000000f3680000)
  to   space 47104K, 0% used [0x00000000edf80000,0x00000000edf80000,0x00000000f0d80000)
 ParOldGen       total 255488K, used 125212K [0x0000000080000000, 0x000000008f980000, 0x00000000d5580000)
  object space 255488K, 49% used [0x0000000080000000,0x0000000087a470a0,0x000000008f980000)
 Metaspace       used 80654K, capacity 84488K, committed 85656K, reserved 1122304K
  class space    used 10890K, capacity 11620K, committed 11952K, reserved 1048576K
}

Deoptimization events (10 events):
Event: 21.518 Thread 0x000000001ef9e000 Uncommon trap: reason=unstable_if action=reinterpret pc=0x0000000002bd6668 method=java.lang.AbstractStringBuilder.append(I)Ljava/lang/AbstractStringBuilder; @ 16
Event: 21.519 Thread 0x000000001ef9e000 Uncommon trap: reason=unstable_if action=reinterpret pc=0x0000000003612b50 method=java.lang.Integer.getChars(II[C)V @ 7
Event: 21.565 Thread 0x000000001ef9e800 Uncommon trap: reason=unstable_if action=reinterpret pc=0x00000000044013e4 method=com.android.tools.r8.v.a.a.a.h.a1.add(Ljava/lang/Object;)Z @ 45
Event: 21.571 Thread 0x0000000021cbd800 Uncommon trap: reason=unstable_if action=reinterpret pc=0x0000000002d1c830 method=java.io.WinNTFileSystem.resolve(Ljava/lang/String;Ljava/lang/String;)Ljava/lang/String; @ 36
Event: 21.629 Thread 0x0000000021cbd800 Uncommon trap: reason=unstable_if action=reinterpret pc=0x0000000003842754 method=java.nio.Bits.getShort(Ljava/nio/ByteBuffer;IZ)S @ 1
Event: 21.654 Thread 0x000000001ef9d000 Uncommon trap: reason=unstable_if action=reinterpret pc=0x0000000003952010 method=java.util.concurrent.ConcurrentLinkedQueue.offer(Ljava/lang/Object;)Z @ 40
Event: 21.732 Thread 0x0000000021cb5000 Uncommon trap: reason=unstable_if action=reinterpret pc=0x0000000002b7bfb0 method=com.google.common.cache.LocalCache$Segment.evictEntries(Lcom/google/common/cache/ReferenceEntry;)V @ 69
Event: 21.791 Thread 0x00000000232aa000 Uncommon trap: reason=unstable_if action=reinterpret pc=0x00000000033a6d70 method=java.util.Arrays.hashCode([Ljava/lang/Object;)I @ 1
Event: 21.804 Thread 0x00000000232b2800 Uncommon trap: reason=unstable_if action=reinterpret pc=0x00000000034053d0 method=java.util.concurrent.ConcurrentLinkedQueue.offer(Ljava/lang/Object;)Z @ 40
Event: 22.260 Thread 0x0000000017a7b800 Uncommon trap: reason=unstable_if action=reinterpret pc=0x0000000003af1578 method=java.lang.ref.Reference.tryHandlePending(Z)Z @ 20

Classes redefined (0 events):
No events

Internal exceptions (10 events):
Event: 20.915 Thread 0x0000000021cb3800 Exception <a 'sun/nio/fs/WindowsException'> (0x00000000dec95f10) thrown at [C:\src\AOSP-openjdk-git\hotspot\src\share\vm\prims\jni.cpp, line 710]
Event: 20.918 Thread 0x0000000021cb3800 Exception <a 'sun/nio/fs/WindowsException'> (0x00000000dece8270) thrown at [C:\src\AOSP-openjdk-git\hotspot\src\share\vm\prims\jni.cpp, line 710]
Event: 20.920 Thread 0x0000000021cb3800 Exception <a 'sun/nio/fs/WindowsException'> (0x00000000decefc10) thrown at [C:\src\AOSP-openjdk-git\hotspot\src\share\vm\prims\jni.cpp, line 710]
Event: 20.922 Thread 0x0000000021cb3800 Exception <a 'sun/nio/fs/WindowsException'> (0x00000000decf7ae0) thrown at [C:\src\AOSP-openjdk-git\hotspot\src\share\vm\prims\jni.cpp, line 710]
Event: 21.243 Thread 0x0000000021cb5000 Exception <a 'sun/nio/fs/WindowsException'> (0x00000000e778bf98) thrown at [C:\src\AOSP-openjdk-git\hotspot\src\share\vm\prims\jni.cpp, line 710]
Event: 21.525 Thread 0x000000001ef9e000 Exception <a 'java/lang/NoSuchMethodError': <clinit>> (0x00000000d9509ab0) thrown at [C:\src\AOSP-openjdk-git\hotspot\src\share\vm\prims\jni.cpp, line 1615]
Event: 21.528 Thread 0x000000001ef9e000 Exception <a 'java/lang/NoSuchMethodError': <clinit>> (0x00000000d951d838) thrown at [C:\src\AOSP-openjdk-git\hotspot\src\share\vm\prims\jni.cpp, line 1615]
Event: 21.608 Thread 0x0000000021cbd800 Exception <a 'sun/nio/fs/WindowsException'> (0x00000000db82c878) thrown at [C:\src\AOSP-openjdk-git\hotspot\src\share\vm\prims\jni.cpp, line 710]
Event: 21.791 Thread 0x00000000232aa000 Implicit null exception at 0x00000000033a6c6f to 0x00000000033a6d61
Event: 22.060 Thread 0x00000000232ae000 Exception <a 'sun/nio/fs/WindowsException'> (0x00000000e7eec8d0) thrown at [C:\src\AOSP-openjdk-git\hotspot\src\share\vm\prims\jni.cpp, line 710]

Events (10 events):
Event: 22.380 Thread 0x000000001989d000 flushing nmethod 0x0000000004c763d0
Event: 22.380 Thread 0x000000001989d000 flushing nmethod 0x0000000004c76710
Event: 22.380 Thread 0x000000001989d000 flushing nmethod 0x0000000004c89b10
Event: 22.380 Thread 0x000000001989d000 flushing nmethod 0x0000000004c8a950
Event: 22.380 Thread 0x000000001989d000 flushing nmethod 0x0000000004c8c010
Event: 22.380 Thread 0x000000001989d000 flushing nmethod 0x0000000004ccb510
Event: 22.380 Thread 0x000000001989d000 flushing nmethod 0x0000000004d060d0
Event: 22.380 Thread 0x000000001989d000 flushing nmethod 0x0000000004d46ed0
Event: 22.389 Thread 0x000000001ef9c800 DEOPT PACKING pc=0x000000000479a469 sp=0x00000000261399f0
Event: 22.389 Thread 0x000000001ef9c800 DEOPT UNPACKING pc=0x0000000002a575d0 sp=0x0000000026139b30 mode 0


Dynamic libraries:
0x00007ff76fb30000 - 0x00007ff76fb61000 	C:\Program Files\Android\Android Studio\jre\bin\java.exe
0x00007ff9d8960000 - 0x00007ff9d8b50000 	C:\Windows\SYSTEM32\ntdll.dll
0x00007ff9d77a0000 - 0x00007ff9d7852000 	C:\Windows\System32\KERNEL32.DLL
0x00007ff9d5900000 - 0x00007ff9d5ba4000 	C:\Windows\System32\KERNELBASE.dll
0x00007ff9d6a20000 - 0x00007ff9d6ac3000 	C:\Windows\System32\ADVAPI32.dll
0x00007ff9d74b0000 - 0x00007ff9d754e000 	C:\Windows\System32\msvcrt.dll
0x00007ff9d8810000 - 0x00007ff9d88a7000 	C:\Windows\System32\sechost.dll
0x00007ff9d7860000 - 0x00007ff9d7980000 	C:\Windows\System32\RPCRT4.dll
0x00007ff9d70c0000 - 0x00007ff9d7255000 	C:\Windows\System32\USER32.dll
0x00007ff9d6610000 - 0x00007ff9d6631000 	C:\Windows\System32\win32u.dll
0x00007ff9d8370000 - 0x00007ff9d8396000 	C:\Windows\System32\GDI32.dll
0x00007ff9d6640000 - 0x00007ff9d67d6000 	C:\Windows\System32\gdi32full.dll
0x00007ff9d5cb0000 - 0x00007ff9d5d4e000 	C:\Windows\System32\msvcp_win.dll
0x00007ff9d5bb0000 - 0x00007ff9d5caa000 	C:\Windows\System32\ucrtbase.dll
0x00007ff9c51b0000 - 0x00007ff9c5434000 	C:\Windows\WinSxS\amd64_microsoft.windows.common-controls_6595b64144ccf1df_6.0.18362.1016_none_9e7a36bbe461dae4\COMCTL32.dll
0x00007ff9d6b40000 - 0x00007ff9d6e75000 	C:\Windows\System32\combase.dll
0x00007ff9d6590000 - 0x00007ff9d6610000 	C:\Windows\System32\bcryptPrimitives.dll
0x00007ff9d6e80000 - 0x00007ff9d6eae000 	C:\Windows\System32\IMM32.DLL
0x000000005a690000 - 0x000000005a762000 	C:\Program Files\Android\Android Studio\jre\jre\bin\msvcr100.dll
0x000000005a770000 - 0x000000005afbb000 	C:\Program Files\Android\Android Studio\jre\jre\bin\server\jvm.dll
0x00007ff9d6a10000 - 0x00007ff9d6a18000 	C:\Windows\System32\PSAPI.DLL
0x00007ff9c6160000 - 0x00007ff9c6184000 	C:\Windows\SYSTEM32\WINMM.dll
0x00007ff9cff10000 - 0x00007ff9cff1a000 	C:\Windows\SYSTEM32\VERSION.dll
0x00007ff9c9860000 - 0x00007ff9c988d000 	C:\Windows\SYSTEM32\WINMMBASE.dll
0x00007ff9d0a20000 - 0x00007ff9d0a29000 	C:\Windows\SYSTEM32\WSOCK32.dll
0x00007ff9d67e0000 - 0x00007ff9d682a000 	C:\Windows\System32\cfgmgr32.dll
0x00007ff9d88b0000 - 0x00007ff9d891f000 	C:\Windows\System32\WS2_32.dll
0x00007ff9d09b0000 - 0x00007ff9d09bf000 	C:\Program Files\Android\Android Studio\jre\jre\bin\verify.dll
0x00007ff9d0830000 - 0x00007ff9d0859000 	C:\Program Files\Android\Android Studio\jre\jre\bin\java.dll
0x00007ff9ced40000 - 0x00007ff9ced56000 	C:\Program Files\Android\Android Studio\jre\jre\bin\zip.dll
0x00007ff9d7980000 - 0x00007ff9d8067000 	C:\Windows\System32\SHELL32.dll
0x00007ff9d7010000 - 0x00007ff9d70b9000 	C:\Windows\System32\shcore.dll
0x00007ff9d5d50000 - 0x00007ff9d64d2000 	C:\Windows\System32\windows.storage.dll
0x00007ff9d5840000 - 0x00007ff9d5863000 	C:\Windows\System32\profapi.dll
0x00007ff9d5870000 - 0x00007ff9d58ba000 	C:\Windows\System32\powrprof.dll
0x00007ff9d5810000 - 0x00007ff9d5820000 	C:\Windows\System32\UMPDC.dll
0x00007ff9d8220000 - 0x00007ff9d8272000 	C:\Windows\System32\shlwapi.dll
0x00007ff9d5820000 - 0x00007ff9d5831000 	C:\Windows\System32\kernel.appcore.dll
0x00007ff9d58e0000 - 0x00007ff9d58f7000 	C:\Windows\System32\cryptsp.dll
0x00007ff9ce950000 - 0x00007ff9ce96a000 	C:\Program Files\Android\Android Studio\jre\jre\bin\net.dll
0x00007ff9d5070000 - 0x00007ff9d50d7000 	C:\Windows\system32\mswsock.dll
0x00007ff9cc7b0000 - 0x00007ff9cc7c3000 	C:\Program Files\Android\Android Studio\jre\jre\bin\nio.dll
0x00007ff9bad30000 - 0x00007ff9bad56000 	C:\Users\Zhasaral\.gradle\native\31\windows-amd64\native-platform.dll
0x00007ff9d03b0000 - 0x00007ff9d03bd000 	C:\Program Files\Android\Android Studio\jre\jre\bin\management.dll
0x00007ff9d4be0000 - 0x00007ff9d4c13000 	C:\Windows\system32\rsaenh.dll
0x00007ff9d6890000 - 0x00007ff9d68b6000 	C:\Windows\System32\bcrypt.dll
0x00007ff9d5730000 - 0x00007ff9d5755000 	C:\Windows\SYSTEM32\USERENV.dll
0x00007ff9d5240000 - 0x00007ff9d524c000 	C:\Windows\SYSTEM32\CRYPTBASE.dll
0x00007ff9d4d80000 - 0x00007ff9d4dba000 	C:\Windows\SYSTEM32\IPHLPAPI.DLL
0x00007ff9d8280000 - 0x00007ff9d8288000 	C:\Windows\System32\NSI.dll
0x00007ff9cef20000 - 0x00007ff9cef36000 	C:\Windows\SYSTEM32\dhcpcsvc6.DLL
0x00007ff9cfac0000 - 0x00007ff9cfadc000 	C:\Windows\SYSTEM32\dhcpcsvc.DLL
0x00007ff9d4dc0000 - 0x00007ff9d4e8b000 	C:\Windows\SYSTEM32\DNSAPI.dll

VM Arguments:
jvm_args: -Xmx2048m -Dfile.encoding=windows-1251 -Duser.country=RU -Duser.language=ru -Duser.variant 
java_command: org.gradle.launcher.daemon.bootstrap.GradleDaemon 6.1.1
java_class_path (initial): C:\Users\Zhasaral\.gradle\wrapper\dists\gradle-6.1.1-all\cfmwm155h49vnt3hynmlrsdst\gradle-6.1.1\lib\gradle-launcher-6.1.1.jar
Launcher Type: SUN_STANDARD

Environment Variables:
CLASSPATH=.;
PATH=C:\Program Files\Java\jdk-12.0.2\bin;D:\Git\cmd;C:\Users\Zhasaral\AppData\Local\Programs\Python\Python38\Scripts\;C:\Users\Zhasaral\AppData\Local\Programs\Python\Python38\;D:\ProgramFiles\Microsoft VS Code\bin;D:\ProgramFiles\PyCharm 2020.1.1\bin;
USERNAME=Zhasaral
OS=Windows_NT
PROCESSOR_IDENTIFIER=Intel64 Family 6 Model 142 Stepping 10, GenuineIntel



---------------  S Y S T E M  ---------------

OS: Windows 10.0 , 64 bit Build 18362 (10.0.18362.959)

CPU:total 8 (initial active 8) (4 cores per cpu, 2 threads per core) family 6 model 142 stepping 10, cmov, cx8, fxsr, mmx, sse, sse2, sse3, ssse3, sse4.1, sse4.2, popcnt, avx, avx2, aes, clmul, erms, 3dnowpref, lzcnt, ht, tsc, tscinvbit, bmi1, bmi2, adx

Memory: 4k page, physical 8218788k(590488k free), swap 10315940k(5236k free)

vm_info: OpenJDK 64-Bit Server VM (25.242-b01) for windows-amd64 JRE (1.8.0_242-release-1644-b01), built by "builder" with MS VC++ 10.0 (VS2010)

time: Sat Sep 05 19:51:26 2020
timezone: Центральная Азия (зима)
elapsed time: 22 seconds (0d 0h 0m 22s)

